<?xml version="1.0" encoding="UTF-8"?>
<testng-results skipped="0" failed="0" total="1" passed="1">
  <reporter-output>
  </reporter-output>
  <suite name="Default suite" duration-ms="5845" started-at="2022-04-12T09:34:46Z" finished-at="2022-04-12T09:34:51Z">
    <groups>
    </groups>
    <test name="Default test" duration-ms="5845" started-at="2022-04-12T09:34:46Z" finished-at="2022-04-12T09:34:51Z">
      <class name="saleforcePOM.verifyLogin">
        <test-method status="PASS" signature="TestUser()[pri:0, instance:saleforcePOM.verifyLogin@f5f2bb7]" name="TestUser" duration-ms="5830" started-at="2022-04-12T15:04:46Z" finished-at="2022-04-12T15:04:51Z">
          <reporter-output>
          </reporter-output>
        </test-method> <!-- TestUser -->
      </class> <!-- saleforcePOM.verifyLogin -->
    </test> <!-- Default test -->
  </suite> <!-- Default suite -->
</testng-results>
